#-----------------------------------------------------------
# Vivado v2016.2 (64-bit)
# SW Build 1577090 on Thu Jun  2 16:32:40 MDT 2016
# IP Build 1577682 on Fri Jun  3 12:00:54 MDT 2016
# Start of session at: Mon Aug 29 15:08:36 2016
# Process ID: 5512
# Current directory: C:/Users/Compy/Desktop/TexasLDPC/AWGN
# Command line: vivado.exe -gui_launcher_event rodinguilauncherevent9844 C:\Users\Compy\Desktop\TexasLDPC\AWGN\AWGN.xpr
# Log file: C:/Users/Compy/Desktop/TexasLDPC/AWGN/vivado.log
# Journal file: C:/Users/Compy/Desktop/TexasLDPC/AWGN\vivado.jou
#-----------------------------------------------------------
start_gui
open_project C:/Users/Compy/Desktop/TexasLDPC/AWGN/AWGN.xpr
Scanning sources...
Finished scanning sources
INFO: [IP_Flow 19-234] Refreshing IP repositories
INFO: [IP_Flow 19-1704] No user IP repositories specified
INFO: [IP_Flow 19-2313] Loaded Vivado IP repository 'D:/Programs/Vivado/2016.2/data/ip'.
open_project: Time (s): cpu = 00:00:10 ; elapsed = 00:00:06 . Memory (MB): peak = 817.234 ; gain = 142.492
update_compile_order -fileset sources_1
exit
INFO: [Common 17-206] Exiting Vivado at Mon Aug 29 15:09:07 2016...
