Unable to capture context for thread 3880 in process 2508, can not generate back trace
Exception at PC 0x000007FEB65CBB93
Printing stacktrace...

Exception at PC 0x000007FEFD2FA06D
Exception at PC 0x000007FEFD2FA06D
Exception at PC 0x000007FEFD2FA06D
Exception at PC 0x000007FEFD2FA06D
Exception at PC 0x000007FEFD2FA06D
Exception at PC 0x000007FEFD2FA06D
Exception at PC 0x000007FEFD2FA06D
Exception at PC 0x000007FEFD2FA06D
Exception at PC 0x000007FEFD2FA06D
Exception at PC 0x000007FEFD2FA06D
Exception at PC 0x000007FEFD2FA06D
Exception at PC 0x000007FEFD2FA06D
Exception at PC 0x000007FEFD2FA06D
Exception at PC 0x000007FEFD2FA06D
Exception at PC 0x000007FEFD2FA06D
Exception at PC 0x000007FEFD2FA06D
Exception at PC 0x000007FEFD2FA06D
[0]  [0x000007FEB65CBB93]
[1]  [0x000007FEB65CBB93]
[2]  [0x000007FEB65CB4A1]
[3]  [0x000007FEB65CB3EF]
[4]  [0x000007FEB65B19FE]
[5]  [0x000007FEB65B0ED1]
[6]  [0x000007FEB65B0D76]
[7]  [0x000007FEB65579F6]
[8]  [0x000007FEB6547AFB]
[9]  [0x000007FEB666E90A]
[10]  [0x000007FEB6689F87]
[11]  [0x000007FEB668A05F]
[12] (BaseThreadInitThunk+0xd) [0x00000000774459BD]
[13] (RtlUserThreadStart+0x21) [0x000000007757A2E1]
Done
