Vivado Simulator 2016.2
Time resolution is 1 ps
WARNING: Data truncated while reading Datafile: ../../../../MATLAB/sqrtc0h.txt, while loading at index: 0
WARNING: Data truncated while reading Datafile: ../../../../MATLAB/sqrtc0h.txt, while loading at index: 1
WARNING: Data truncated while reading Datafile: ../../../../MATLAB/sqrtc0h.txt, while loading at index: 2
WARNING: Data truncated while reading Datafile: ../../../../MATLAB/sqrtc0h.txt, while loading at index: 3
WARNING: Data truncated while reading Datafile: ../../../../MATLAB/sqrtc0h.txt, while loading at index: 4
WARNING: Data truncated while reading Datafile: ../../../../MATLAB/sqrtc0h.txt, while loading at index: 5
WARNING: Data truncated while reading Datafile: ../../../../MATLAB/sqrtc0h.txt, while loading at index: 6
WARNING: Data truncated while reading Datafile: ../../../../MATLAB/sqrtc0h.txt, while loading at index: 7
WARNING: Data truncated while reading Datafile: ../../../../MATLAB/sqrtc0h.txt, while loading at index: 8
WARNING: Data truncated while reading Datafile: ../../../../MATLAB/sqrtc0h.txt, while loading at index: 9
WARNING: Data truncated while reading Datafile: ../../../../MATLAB/sqrtc0h.txt, while loading at index: 10
WARNING: Data truncated while reading Datafile: ../../../../MATLAB/sqrtc0h.txt, while loading at index: 11
WARNING: Data truncated while reading Datafile: ../../../../MATLAB/sqrtc0h.txt, while loading at index: 12
WARNING: Data truncated while reading Datafile: ../../../../MATLAB/sqrtc0h.txt, while loading at index: 13
WARNING: Data truncated while reading Datafile: ../../../../MATLAB/sqrtc0h.txt, while loading at index: 14
WARNING: Data truncated while reading Datafile: ../../../../MATLAB/sqrtc0h.txt, while loading at index: 15
WARNING: Data truncated while reading Datafile: ../../../../MATLAB/sqrtc0h.txt, while loading at index: 16
WARNING: Data truncated while reading Datafile: ../../../../MATLAB/sqrtc0h.txt, while loading at index: 17
WARNING: Data truncated while reading Datafile: ../../../../MATLAB/sqrtc0h.txt, while loading at index: 18
WARNING: Data truncated while reading Datafile: ../../../../MATLAB/sqrtc0h.txt, while loading at index: 19
WARNING: Data truncated while reading Datafile: ../../../../MATLAB/sqrtc0h.txt, while loading at index: 20
WARNING: Data truncated while reading Datafile: ../../../../MATLAB/sqrtc0h.txt, while loading at index: 21
WARNING: Data truncated while reading Datafile: ../../../../MATLAB/sqrtc0h.txt, while loading at index: 22
WARNING: Data truncated while reading Datafile: ../../../../MATLAB/sqrtc0h.txt, while loading at index: 23
WARNING: Data truncated while reading Datafile: ../../../../MATLAB/sqrtc0h.txt, while loading at index: 24
WARNING: Data truncated while reading Datafile: ../../../../MATLAB/sqrtc0h.txt, while loading at index: 25
WARNING: Data truncated while reading Datafile: ../../../../MATLAB/sqrtc0h.txt, while loading at index: 26
WARNING: Data truncated while reading Datafile: ../../../../MATLAB/sqrtc0h.txt, while loading at index: 27
WARNING: Data truncated while reading Datafile: ../../../../MATLAB/sqrtc0h.txt, while loading at index: 28
WARNING: Data truncated while reading Datafile: ../../../../MATLAB/sqrtc0h.txt, while loading at index: 29
WARNING: Data truncated while reading Datafile: ../../../../MATLAB/sqrtc0h.txt, while loading at index: 30
WARNING: Data truncated while reading Datafile: ../../../../MATLAB/sqrtc0h.txt, while loading at index: 31
WARNING: Data truncated while reading Datafile: ../../../../MATLAB/sqrtc0h.txt, while loading at index: 32
WARNING: Data truncated while reading Datafile: ../../../../MATLAB/sqrtc0h.txt, while loading at index: 33
WARNING: Data truncated while reading Datafile: ../../../../MATLAB/sqrtc0h.txt, while loading at index: 34
WARNING: Data truncated while reading Datafile: ../../../../MATLAB/sqrtc0h.txt, while loading at index: 35
WARNING: Data truncated while reading Datafile: ../../../../MATLAB/sqrtc0h.txt, while loading at index: 36
WARNING: Data truncated while reading Datafile: ../../../../MATLAB/sqrtc0h.txt, while loading at index: 37
WARNING: Data truncated while reading Datafile: ../../../../MATLAB/sqrtc0h.txt, while loading at index: 38
WARNING: Data truncated while reading Datafile: ../../../../MATLAB/sqrtc0h.txt, while loading at index: 39
WARNING: Data truncated while reading Datafile: ../../../../MATLAB/sqrtc0h.txt, while loading at index: 40
WARNING: Data truncated while reading Datafile: ../../../../MATLAB/sqrtc0h.txt, while loading at index: 41
WARNING: Data truncated while reading Datafile: ../../../../MATLAB/sqrtc0h.txt, while loading at index: 42
WARNING: Data truncated while reading Datafile: ../../../../MATLAB/sqrtc0h.txt, while loading at index: 43
WARNING: Data truncated while reading Datafile: ../../../../MATLAB/sqrtc0h.txt, while loading at index: 44
WARNING: Data truncated while reading Datafile: ../../../../MATLAB/sqrtc0h.txt, while loading at index: 45
WARNING: Data truncated while reading Datafile: ../../../../MATLAB/sqrtc0h.txt, while loading at index: 46
WARNING: Data truncated while reading Datafile: ../../../../MATLAB/sqrtc0h.txt, while loading at index: 47
WARNING: Data truncated while reading Datafile: ../../../../MATLAB/sqrtc0h.txt, while loading at index: 48
WARNING: Data truncated while reading Datafile: ../../../../MATLAB/sqrtc0h.txt, while loading at index: 49
WARNING: Data truncated while reading Datafile: ../../../../MATLAB/sqrtc0h.txt, while loading at index: 50
WARNING: Data truncated while reading Datafile: ../../../../MATLAB/sqrtc0h.txt, while loading at index: 51
WARNING: Data truncated while reading Datafile: ../../../../MATLAB/sqrtc0h.txt, while loading at index: 52
WARNING: Data truncated while reading Datafile: ../../../../MATLAB/sqrtc0h.txt, while loading at index: 53
WARNING: Data truncated while reading Datafile: ../../../../MATLAB/sqrtc0h.txt, while loading at index: 54
WARNING: Data truncated while reading Datafile: ../../../../MATLAB/sqrtc0h.txt, while loading at index: 55
WARNING: Data truncated while reading Datafile: ../../../../MATLAB/sqrtc0h.txt, while loading at index: 56
WARNING: Data truncated while reading Datafile: ../../../../MATLAB/sqrtc0h.txt, while loading at index: 57
WARNING: Data truncated while reading Datafile: ../../../../MATLAB/sqrtc0h.txt, while loading at index: 58
WARNING: Data truncated while reading Datafile: ../../../../MATLAB/sqrtc0h.txt, while loading at index: 59
WARNING: Data truncated while reading Datafile: ../../../../MATLAB/sqrtc0h.txt, while loading at index: 60
WARNING: Data truncated while reading Datafile: ../../../../MATLAB/sqrtc0h.txt, while loading at index: 61
WARNING: Data truncated while reading Datafile: ../../../../MATLAB/sqrtc0h.txt, while loading at index: 62
WARNING: Data truncated while reading Datafile: ../../../../MATLAB/sqrtc0h.txt, while loading at index: 63
WARNING: Data truncated while reading Datafile: ../../../../MATLAB/sqrtc0h.txt, while loading at index: 64
WARNING: Data truncated while reading Datafile: ../../../../MATLAB/sqrtc0h.txt, while loading at index: 65
WARNING: Data truncated while reading Datafile: ../../../../MATLAB/sqrtc0h.txt, while loading at index: 66
WARNING: Data truncated while reading Datafile: ../../../../MATLAB/sqrtc0h.txt, while loading at index: 67
WARNING: Data truncated while reading Datafile: ../../../../MATLAB/sqrtc0h.txt, while loading at index: 68
WARNING: Data truncated while reading Datafile: ../../../../MATLAB/sqrtc0h.txt, while loading at index: 69
WARNING: Data truncated while reading Datafile: ../../../../MATLAB/sqrtc0h.txt, while loading at index: 70
WARNING: Data truncated while reading Datafile: ../../../../MATLAB/sqrtc0h.txt, while loading at index: 71
WARNING: Data truncated while reading Datafile: ../../../../MATLAB/sqrtc0h.txt, while loading at index: 72
WARNING: Data truncated while reading Datafile: ../../../../MATLAB/sqrtc0h.txt, while loading at index: 73
WARNING: Data truncated while reading Datafile: ../../../../MATLAB/sqrtc0h.txt, while loading at index: 74
WARNING: Data truncated while reading Datafile: ../../../../MATLAB/sqrtc0h.txt, while loading at index: 75
WARNING: Data truncated while reading Datafile: ../../../../MATLAB/sqrtc0h.txt, while loading at index: 76
WARNING: Data truncated while reading Datafile: ../../../../MATLAB/sqrtc0h.txt, while loading at index: 77
WARNING: Data truncated while reading Datafile: ../../../../MATLAB/sqrtc0h.txt, while loading at index: 78
WARNING: Data truncated while reading Datafile: ../../../../MATLAB/sqrtc0h.txt, while loading at index: 79
WARNING: Data truncated while reading Datafile: ../../../../MATLAB/sqrtc0h.txt, while loading at index: 80
WARNING: Data truncated while reading Datafile: ../../../../MATLAB/sqrtc0h.txt, while loading at index: 81
WARNING: Data truncated while reading Datafile: ../../../../MATLAB/sqrtc0h.txt, while loading at index: 82
WARNING: Data truncated while reading Datafile: ../../../../MATLAB/sqrtc0h.txt, while loading at index: 83
WARNING: Data truncated while reading Datafile: ../../../../MATLAB/sqrtc0h.txt, while loading at index: 84
WARNING: Data truncated while reading Datafile: ../../../../MATLAB/sqrtc0h.txt, while loading at index: 85
WARNING: Data truncated while reading Datafile: ../../../../MATLAB/sqrtc0h.txt, while loading at index: 86
WARNING: Data truncated while reading Datafile: ../../../../MATLAB/sqrtc0h.txt, while loading at index: 87
WARNING: Data truncated while reading Datafile: ../../../../MATLAB/sqrtc0h.txt, while loading at index: 88
WARNING: Data truncated while reading Datafile: ../../../../MATLAB/sqrtc0h.txt, while loading at index: 89
WARNING: Data truncated while reading Datafile: ../../../../MATLAB/sqrtc0h.txt, while loading at index: 90
WARNING: Data truncated while reading Datafile: ../../../../MATLAB/sqrtc0h.txt, while loading at index: 91
WARNING: Data truncated while reading Datafile: ../../../../MATLAB/sqrtc0h.txt, while loading at index: 92
WARNING: Data truncated while reading Datafile: ../../../../MATLAB/sqrtc0h.txt, while loading at index: 93
WARNING: Data truncated while reading Datafile: ../../../../MATLAB/sqrtc0h.txt, while loading at index: 94
WARNING: Data truncated while reading Datafile: ../../../../MATLAB/sqrtc0h.txt, while loading at index: 95
WARNING: Data truncated while reading Datafile: ../../../../MATLAB/sqrtc0h.txt, while loading at index: 96
WARNING: Data truncated while reading Datafile: ../../../../MATLAB/sqrtc0h.txt, while loading at index: 97
WARNING: Data truncated while reading Datafile: ../../../../MATLAB/sqrtc0h.txt, while loading at index: 98
WARNING: Data truncated while reading Datafile: ../../../../MATLAB/sqrtc0h.txt, while loading at index: 99
WARNING: Data truncated while reading Datafile: ../../../../MATLAB/sqrtc0h.txt, while loading at index: 100
WARNING: Data truncated while reading Datafile: ../../../../MATLAB/sqrtc0h.txt, while loading at index: 101
WARNING: Data truncated while reading Datafile: ../../../../MATLAB/sqrtc0h.txt, while loading at index: 102
WARNING: Data truncated while reading Datafile: ../../../../MATLAB/sqrtc0h.txt, while loading at index: 103
WARNING: Data truncated while reading Datafile: ../../../../MATLAB/sqrtc0h.txt, while loading at index: 104
WARNING: Data truncated while reading Datafile: ../../../../MATLAB/sqrtc0h.txt, while loading at index: 105
WARNING: Data truncated while reading Datafile: ../../../../MATLAB/sqrtc0h.txt, while loading at index: 106
WARNING: Data truncated while reading Datafile: ../../../../MATLAB/sqrtc0h.txt, while loading at index: 107
WARNING: Data truncated while reading Datafile: ../../../../MATLAB/sqrtc0h.txt, while loading at index: 108
WARNING: Data truncated while reading Datafile: ../../../../MATLAB/sqrtc0h.txt, while loading at index: 109
WARNING: Data truncated while reading Datafile: ../../../../MATLAB/sqrtc0h.txt, while loading at index: 110
WARNING: Data truncated while reading Datafile: ../../../../MATLAB/sqrtc0h.txt, while loading at index: 111
WARNING: Data truncated while reading Datafile: ../../../../MATLAB/sqrtc0h.txt, while loading at index: 112
WARNING: Data truncated while reading Datafile: ../../../../MATLAB/sqrtc0h.txt, while loading at index: 113
WARNING: Data truncated while reading Datafile: ../../../../MATLAB/sqrtc0h.txt, while loading at index: 114
WARNING: Data truncated while reading Datafile: ../../../../MATLAB/sqrtc0h.txt, while loading at index: 115
WARNING: Data truncated while reading Datafile: ../../../../MATLAB/sqrtc0h.txt, while loading at index: 116
WARNING: Data truncated while reading Datafile: ../../../../MATLAB/sqrtc0h.txt, while loading at index: 117
WARNING: Data truncated while reading Datafile: ../../../../MATLAB/sqrtc0h.txt, while loading at index: 118
WARNING: Data truncated while reading Datafile: ../../../../MATLAB/sqrtc0h.txt, while loading at index: 119
WARNING: Data truncated while reading Datafile: ../../../../MATLAB/sqrtc0h.txt, while loading at index: 120
WARNING: Data truncated while reading Datafile: ../../../../MATLAB/sqrtc0h.txt, while loading at index: 121
WARNING: Data truncated while reading Datafile: ../../../../MATLAB/sqrtc0h.txt, while loading at index: 122
WARNING: Data truncated while reading Datafile: ../../../../MATLAB/sqrtc0h.txt, while loading at index: 123
WARNING: Data truncated while reading Datafile: ../../../../MATLAB/sqrtc0h.txt, while loading at index: 124
WARNING: Data truncated while reading Datafile: ../../../../MATLAB/sqrtc0h.txt, while loading at index: 125
WARNING: Data truncated while reading Datafile: ../../../../MATLAB/sqrtc0h.txt, while loading at index: 126
WARNING: Data truncated while reading Datafile: ../../../../MATLAB/sqrtc0h.txt, while loading at index: 127
WARNING: Data truncated while reading Datafile: ../../../../MATLAB/cosc1h.txt, while loading at index: 0
WARNING: Data truncated while reading Datafile: ../../../../MATLAB/cosc1h.txt, while loading at index: 1
WARNING: Data truncated while reading Datafile: ../../../../MATLAB/cosc1h.txt, while loading at index: 2
WARNING: Data truncated while reading Datafile: ../../../../MATLAB/cosc1h.txt, while loading at index: 3
WARNING: Data truncated while reading Datafile: ../../../../MATLAB/cosc1h.txt, while loading at index: 4
WARNING: Data truncated while reading Datafile: ../../../../MATLAB/cosc1h.txt, while loading at index: 5
WARNING: Data truncated while reading Datafile: ../../../../MATLAB/cosc1h.txt, while loading at index: 6
WARNING: Data truncated while reading Datafile: ../../../../MATLAB/cosc1h.txt, while loading at index: 7
WARNING: Data truncated while reading Datafile: ../../../../MATLAB/cosc1h.txt, while loading at index: 8
WARNING: Data truncated while reading Datafile: ../../../../MATLAB/cosc1h.txt, while loading at index: 9
WARNING: Data truncated while reading Datafile: ../../../../MATLAB/cosc1h.txt, while loading at index: 10
WARNING: Data truncated while reading Datafile: ../../../../MATLAB/cosc1h.txt, while loading at index: 11
WARNING: Data truncated while reading Datafile: ../../../../MATLAB/cosc1h.txt, while loading at index: 12
WARNING: Data truncated while reading Datafile: ../../../../MATLAB/cosc1h.txt, while loading at index: 13
WARNING: Data truncated while reading Datafile: ../../../../MATLAB/cosc1h.txt, while loading at index: 14
WARNING: Data truncated while reading Datafile: ../../../../MATLAB/cosc1h.txt, while loading at index: 15
WARNING: Data truncated while reading Datafile: ../../../../MATLAB/cosc1h.txt, while loading at index: 16
WARNING: Data truncated while reading Datafile: ../../../../MATLAB/cosc1h.txt, while loading at index: 17
WARNING: Data truncated while reading Datafile: ../../../../MATLAB/cosc1h.txt, while loading at index: 18
WARNING: Data truncated while reading Datafile: ../../../../MATLAB/cosc1h.txt, while loading at index: 19
WARNING: Data truncated while reading Datafile: ../../../../MATLAB/cosc1h.txt, while loading at index: 20
WARNING: Data truncated while reading Datafile: ../../../../MATLAB/cosc1h.txt, while loading at index: 21
WARNING: Data truncated while reading Datafile: ../../../../MATLAB/cosc1h.txt, while loading at index: 22
WARNING: Data truncated while reading Datafile: ../../../../MATLAB/cosc1h.txt, while loading at index: 23
WARNING: Data truncated while reading Datafile: ../../../../MATLAB/cosc1h.txt, while loading at index: 24
WARNING: Data truncated while reading Datafile: ../../../../MATLAB/cosc1h.txt, while loading at index: 25
WARNING: Data truncated while reading Datafile: ../../../../MATLAB/cosc1h.txt, while loading at index: 26
WARNING: Data truncated while reading Datafile: ../../../../MATLAB/cosc1h.txt, while loading at index: 27
WARNING: Data truncated while reading Datafile: ../../../../MATLAB/cosc1h.txt, while loading at index: 28
WARNING: Data truncated while reading Datafile: ../../../../MATLAB/cosc1h.txt, while loading at index: 29
WARNING: Data truncated while reading Datafile: ../../../../MATLAB/cosc1h.txt, while loading at index: 30
WARNING: Data truncated while reading Datafile: ../../../../MATLAB/cosc1h.txt, while loading at index: 31
WARNING: Data truncated while reading Datafile: ../../../../MATLAB/cosc1h.txt, while loading at index: 32
WARNING: Data truncated while reading Datafile: ../../../../MATLAB/cosc1h.txt, while loading at index: 33
WARNING: Data truncated while reading Datafile: ../../../../MATLAB/cosc1h.txt, while loading at index: 34
WARNING: Data truncated while reading Datafile: ../../../../MATLAB/cosc1h.txt, while loading at index: 35
WARNING: Data truncated while reading Datafile: ../../../../MATLAB/cosc1h.txt, while loading at index: 36
WARNING: Data truncated while reading Datafile: ../../../../MATLAB/cosc1h.txt, while loading at index: 37
WARNING: Data truncated while reading Datafile: ../../../../MATLAB/cosc1h.txt, while loading at index: 38
WARNING: Data truncated while reading Datafile: ../../../../MATLAB/cosc1h.txt, while loading at index: 39
WARNING: Data truncated while reading Datafile: ../../../../MATLAB/cosc1h.txt, while loading at index: 40
WARNING: Data truncated while reading Datafile: ../../../../MATLAB/cosc1h.txt, while loading at index: 41
WARNING: Data truncated while reading Datafile: ../../../../MATLAB/cosc1h.txt, while loading at index: 42
WARNING: Data truncated while reading Datafile: ../../../../MATLAB/cosc1h.txt, while loading at index: 43
WARNING: Data truncated while reading Datafile: ../../../../MATLAB/cosc1h.txt, while loading at index: 44
WARNING: Data truncated while reading Datafile: ../../../../MATLAB/cosc1h.txt, while loading at index: 45
WARNING: Data truncated while reading Datafile: ../../../../MATLAB/cosc1h.txt, while loading at index: 46
WARNING: Data truncated while reading Datafile: ../../../../MATLAB/cosc1h.txt, while loading at index: 47
WARNING: Data truncated while reading Datafile: ../../../../MATLAB/cosc1h.txt, while loading at index: 48
WARNING: Data truncated while reading Datafile: ../../../../MATLAB/cosc1h.txt, while loading at index: 49
WARNING: Data truncated while reading Datafile: ../../../../MATLAB/cosc1h.txt, while loading at index: 50
WARNING: Data truncated while reading Datafile: ../../../../MATLAB/cosc1h.txt, while loading at index: 51
WARNING: Data truncated while reading Datafile: ../../../../MATLAB/cosc1h.txt, while loading at index: 52
WARNING: Data truncated while reading Datafile: ../../../../MATLAB/cosc1h.txt, while loading at index: 53
WARNING: Data truncated while reading Datafile: ../../../../MATLAB/cosc1h.txt, while loading at index: 54
WARNING: Data truncated while reading Datafile: ../../../../MATLAB/cosc1h.txt, while loading at index: 55
WARNING: Data truncated while reading Datafile: ../../../../MATLAB/cosc1h.txt, while loading at index: 56
WARNING: Data truncated while reading Datafile: ../../../../MATLAB/cosc1h.txt, while loading at index: 57
WARNING: Data truncated while reading Datafile: ../../../../MATLAB/cosc1h.txt, while loading at index: 58
WARNING: Data truncated while reading Datafile: ../../../../MATLAB/cosc1h.txt, while loading at index: 59
WARNING: Data truncated while reading Datafile: ../../../../MATLAB/cosc1h.txt, while loading at index: 60
WARNING: Data truncated while reading Datafile: ../../../../MATLAB/cosc1h.txt, while loading at index: 61
WARNING: Data truncated while reading Datafile: ../../../../MATLAB/cosc1h.txt, while loading at index: 62
WARNING: Data truncated while reading Datafile: ../../../../MATLAB/cosc1h.txt, while loading at index: 63
WARNING: Data truncated while reading Datafile: ../../../../MATLAB/cosc1h.txt, while loading at index: 64
WARNING: Data truncated while reading Datafile: ../../../../MATLAB/cosc1h.txt, while loading at index: 65
WARNING: Data truncated while reading Datafile: ../../../../MATLAB/cosc1h.txt, while loading at index: 66
WARNING: Data truncated while reading Datafile: ../../../../MATLAB/cosc1h.txt, while loading at index: 67
WARNING: Data truncated while reading Datafile: ../../../../MATLAB/cosc1h.txt, while loading at index: 68
WARNING: Data truncated while reading Datafile: ../../../../MATLAB/cosc1h.txt, while loading at index: 69
WARNING: Data truncated while reading Datafile: ../../../../MATLAB/cosc1h.txt, while loading at index: 70
WARNING: Data truncated while reading Datafile: ../../../../MATLAB/cosc1h.txt, while loading at index: 71
WARNING: Data truncated while reading Datafile: ../../../../MATLAB/cosc1h.txt, while loading at index: 72
WARNING: Data truncated while reading Datafile: ../../../../MATLAB/cosc1h.txt, while loading at index: 73
WARNING: Data truncated while reading Datafile: ../../../../MATLAB/cosc1h.txt, while loading at index: 74
WARNING: Data truncated while reading Datafile: ../../../../MATLAB/cosc1h.txt, while loading at index: 75
WARNING: Data truncated while reading Datafile: ../../../../MATLAB/cosc1h.txt, while loading at index: 76
WARNING: Data truncated while reading Datafile: ../../../../MATLAB/cosc1h.txt, while loading at index: 77
WARNING: Data truncated while reading Datafile: ../../../../MATLAB/cosc1h.txt, while loading at index: 78
WARNING: Data truncated while reading Datafile: ../../../../MATLAB/cosc1h.txt, while loading at index: 79
WARNING: Data truncated while reading Datafile: ../../../../MATLAB/cosc1h.txt, while loading at index: 80
WARNING: Data truncated while reading Datafile: ../../../../MATLAB/cosc1h.txt, while loading at index: 81
WARNING: Data truncated while reading Datafile: ../../../../MATLAB/cosc1h.txt, while loading at index: 82
WARNING: Data truncated while reading Datafile: ../../../../MATLAB/cosc1h.txt, while loading at index: 83
WARNING: Data truncated while reading Datafile: ../../../../MATLAB/cosc1h.txt, while loading at index: 84
WARNING: Data truncated while reading Datafile: ../../../../MATLAB/cosc1h.txt, while loading at index: 85
WARNING: Data truncated while reading Datafile: ../../../../MATLAB/cosc1h.txt, while loading at index: 86
WARNING: Data truncated while reading Datafile: ../../../../MATLAB/cosc1h.txt, while loading at index: 87
WARNING: Data truncated while reading Datafile: ../../../../MATLAB/cosc1h.txt, while loading at index: 88
WARNING: Data truncated while reading Datafile: ../../../../MATLAB/cosc1h.txt, while loading at index: 89
WARNING: Data truncated while reading Datafile: ../../../../MATLAB/cosc1h.txt, while loading at index: 90
WARNING: Data truncated while reading Datafile: ../../../../MATLAB/cosc1h.txt, while loading at index: 91
WARNING: Data truncated while reading Datafile: ../../../../MATLAB/cosc1h.txt, while loading at index: 92
WARNING: Data truncated while reading Datafile: ../../../../MATLAB/cosc1h.txt, while loading at index: 93
WARNING: Data truncated while reading Datafile: ../../../../MATLAB/cosc1h.txt, while loading at index: 94
WARNING: Data truncated while reading Datafile: ../../../../MATLAB/cosc1h.txt, while loading at index: 95
WARNING: Data truncated while reading Datafile: ../../../../MATLAB/cosc1h.txt, while loading at index: 96
WARNING: Data truncated while reading Datafile: ../../../../MATLAB/cosc1h.txt, while loading at index: 97
WARNING: Data truncated while reading Datafile: ../../../../MATLAB/cosc1h.txt, while loading at index: 98
WARNING: Data truncated while reading Datafile: ../../../../MATLAB/cosc1h.txt, while loading at index: 99
WARNING: Data truncated while reading Datafile: ../../../../MATLAB/cosc1h.txt, while loading at index: 100
WARNING: Data truncated while reading Datafile: ../../../../MATLAB/cosc1h.txt, while loading at index: 101
WARNING: Data truncated while reading Datafile: ../../../../MATLAB/cosc1h.txt, while loading at index: 102
WARNING: Data truncated while reading Datafile: ../../../../MATLAB/cosc1h.txt, while loading at index: 103
WARNING: Data truncated while reading Datafile: ../../../../MATLAB/cosc1h.txt, while loading at index: 104
WARNING: Data truncated while reading Datafile: ../../../../MATLAB/cosc1h.txt, while loading at index: 105
WARNING: Data truncated while reading Datafile: ../../../../MATLAB/cosc1h.txt, while loading at index: 106
WARNING: Data truncated while reading Datafile: ../../../../MATLAB/cosc1h.txt, while loading at index: 107
WARNING: Data truncated while reading Datafile: ../../../../MATLAB/cosc1h.txt, while loading at index: 108
WARNING: Data truncated while reading Datafile: ../../../../MATLAB/cosc1h.txt, while loading at index: 109
WARNING: Data truncated while reading Datafile: ../../../../MATLAB/cosc1h.txt, while loading at index: 110
WARNING: Data truncated while reading Datafile: ../../../../MATLAB/cosc1h.txt, while loading at index: 111
WARNING: Data truncated while reading Datafile: ../../../../MATLAB/cosc1h.txt, while loading at index: 112
WARNING: Data truncated while reading Datafile: ../../../../MATLAB/cosc1h.txt, while loading at index: 113
WARNING: Data truncated while reading Datafile: ../../../../MATLAB/cosc1h.txt, while loading at index: 114
WARNING: Data truncated while reading Datafile: ../../../../MATLAB/cosc1h.txt, while loading at index: 115
WARNING: Data truncated while reading Datafile: ../../../../MATLAB/cosc1h.txt, while loading at index: 116
WARNING: Data truncated while reading Datafile: ../../../../MATLAB/cosc1h.txt, while loading at index: 117
WARNING: Data truncated while reading Datafile: ../../../../MATLAB/cosc1h.txt, while loading at index: 118
WARNING: Data truncated while reading Datafile: ../../../../MATLAB/cosc1h.txt, while loading at index: 119
WARNING: Data truncated while reading Datafile: ../../../../MATLAB/cosc1h.txt, while loading at index: 120
WARNING: Data truncated while reading Datafile: ../../../../MATLAB/cosc1h.txt, while loading at index: 121
WARNING: Data truncated while reading Datafile: ../../../../MATLAB/cosc1h.txt, while loading at index: 122
WARNING: Data truncated while reading Datafile: ../../../../MATLAB/cosc1h.txt, while loading at index: 123
WARNING: Data truncated while reading Datafile: ../../../../MATLAB/cosc1h.txt, while loading at index: 124
WARNING: Data truncated while reading Datafile: ../../../../MATLAB/cosc1h.txt, while loading at index: 125
WARNING: Data truncated while reading Datafile: ../../../../MATLAB/cosc1h.txt, while loading at index: 126
WARNING: Data truncated while reading Datafile: ../../../../MATLAB/cosc1h.txt, while loading at index: 127
ERROR: File descriptor (-1) passed to $feof in file C:/Users/Compy/Desktop/TexasLDPC/AWGN/AWGN.srcs/sim_1/new/AWGN_tb.v at line 80 is not valid.
ERROR: File descriptor (-1) passed to $feof in file C:/Users/Compy/Desktop/TexasLDPC/AWGN/AWGN.srcs/sim_1/new/AWGN_tb.v at line 80 is not valid.
ERROR: File descriptor (-1) passed to $fscanf in file C:/Users/Compy/Desktop/TexasLDPC/AWGN/AWGN.srcs/sim_1/new/AWGN_tb.v at line 81 is not valid.
ERROR: File descriptor (-1) passed to $fscanf in file C:/Users/Compy/Desktop/TexasLDPC/AWGN/AWGN.srcs/sim_1/new/AWGN_tb.v at line 82 is not valid.
x0 was  11138 when   3925 was expected
x1 was  18744 when   -560 was expected
x0 was -10895 when     86 was expected
x1 was     70 when    929 was expected
x0 was  26224 when   1304 was expected
x1 was -12976 when   -602 was expected
x0 was  30910 when   2306 was expected
x1 was   4524 when   -418 was expected
x0 was  13008 when    466 was expected
x1 was   6580 when  -3583 was expected
x0 was  13888 when    348 was expected
x1 was -23644 when   -249 was expected
x0 was   1489 when   -267 was expected
x1 was  24932 when  -2460 was expected
x0 was  22012 when   2489 was expected
x1 was -10205 when   -681 was expected
x0 was  11098 when   2667 was expected
x1 was -30420 when   -410 was expected
x0 was  12148 when   1773 was expected
x1 was  30084 when   -848 was expected
x0 was -24808 when   1168 was expected
x1 was -15939 when   1645 was expected
x0 was -10268 when   -286 was expected
x1 was   4701 when   1430 was expected
x0 was -15394 when   2936 was expected
x1 was  20446 when  -3240 was expected
x0 was  -5184 when   -575 was expected
x1 was  13496 when   1623 was expected
x0 was   8416 when    433 was expected
x1 was  29439 when  -5175 was expected
x0 was  26060 when    956 was expected
x1 was -22094 when    411 was expected
x0 was  -7256 when   -847 was expected
x1 was -22852 when  -1893 was expected
x0 was  -9120 when   1049 was expected
x1 was  12480 when   3797 was expected
x0 was  13410 when   1252 was expected
x1 was -19315 when   3869 was expected
x0 was  -6450 when   2488 was expected
x1 was  19254 when     77 was expected
x0 was   7533 when   2309 was expected
x1 was -28048 when    560 was expected
x0 was  13898 when    -81 was expected
x1 was   9152 when    395 was expected
x0 was  -7896 when    396 was expected
x1 was  -6543 when    577 was expected
x0 was -32525 when  -2571 was expected
x1 was  21424 when   -352 was expected
x0 was  -4680 when   2739 was expected
x1 was -31640 when   1806 was expected
x0 was   4116 when  -1366 was expected
x1 was  14198 when    222 was expected
x0 was -29607 when    759 was expected
x1 was  31893 when    399 was expected
x0 was -21074 when  -2738 was expected
x1 was  19173 when   -484 was expected
x0 was  24896 when    -28 was expected
x1 was  -2288 when   1441 was expected
x0 was  29168 when  -1181 was expected
x1 was   4800 when   1578 was expected
x0 was   3853 when   1682 was expected
x1 was -25702 when  -1261 was expected
x0 was -18740 when   1588 was expected
x1 was  -8040 when   1988 was expected
x0 was -14914 when   1899 was expected
x1 was -13884 when  -4515 was expected
x0 was  27903 when  -2405 was expected
x1 was  -3210 when    -34 was expected
x0 was -16624 when  -1161 was expected
x1 was -25976 when  -3743 was expected
x0 was  -4144 when   -247 was expected
x1 was -29460 when    120 was expected
x0 was -16130 when    947 was expected
x1 was  21856 when  -2546 was expected
x0 was -29793 when   1623 was expected
x1 was  27216 when    879 was expected
x0 was -10304 when  -2110 was expected
x1 was  -5928 when  -3502 was expected
x0 was -13940 when  -3520 was expected
x1 was  28276 when   4392 was expected
x0 was  29828 when  -5282 was expected
x1 was  20605 when  -1856 was expected
x0 was -18976 when   1160 was expected
x1 was   6021 when   1603 was expected
x0 was -25753 when  -2264 was expected
x1 was  12716 when  -1543 was expected
x0 was  -5430 when   2148 was expected
x1 was   2472 when   -369 was expected
x0 was  -4943 when  -1914 was expected
x1 was -26004 when   3439 was expected
x0 was  32002 when   -276 was expected
x1 was  -9254 when  -1759 was expected
x0 was   3004 when     97 was expected
x1 was  -3140 when    440 was expected
x0 was  24506 when   2713 was expected
x1 was -21998 when   -940 was expected
x0 was -12396 when   -230 was expected
x1 was  21104 when  -1700 was expected
x0 was   8644 when   1179 was expected
x1 was  -6731 when  -3172 was expected
x0 was  23977 when    750 was expected
x1 was -22928 when   -902 was expected
x0 was -27632 when  -1629 was expected
x1 was -24472 when    169 was expected
x0 was    657 when  -2426 was expected
x1 was  -7795 when  -1699 was expected
x0 was  20664 when  -1467 was expected
x1 was   8648 when   2462 was expected
x0 was -27038 when  -1765 was expected
x1 was  10488 when  -2339 was expected
x0 was   8916 when   1834 was expected
x1 was -28834 when    709 was expected
x0 was -23828 when    585 was expected
x1 was  25468 when  -2057 was expected
x0 was  22172 when   2327 was expected
x1 was  17674 when  -1104 was expected
x0 was -14168 when   2370 was expected
x1 was  13857 when  -1495 was expected
x0 was  26476 when  -1465 was expected
x1 was  17212 when   1601 was expected
x0 was   4150 when   -187 was expected
x1 was   3492 when   1104 was expected
x0 was  17920 when    -42 was expected
x1 was -32256 when   1275 was expected
